{"/workspaces/FLI-Fantasy/src/lib/schemas/fantasy.ts": {"path":"/workspaces/FLI-Fantasy/src/lib/schemas/fantasy.ts","statementMap":{"0":{"start":{"line":4,"column":41},"end":{"line":10,"column":null}},"1":{"start":{"line":15,"column":41},"end":{"line":30,"column":null}},"2":{"start":{"line":35,"column":52},"end":{"line":46,"column":null}}},"fnMap":{},"branchMap":{},"s":{"0":2,"1":2,"2":2},"f":{},"b":{},"meta":{"lastBranch":0,"lastFunction":0,"lastStatement":3,"seen":{"s:4:41:10:Infinity":0,"s:15:41:30:Infinity":1,"s:35:52:46:Infinity":2}}}
,"/workspaces/FLI-Fantasy/src/lib/services/fantasySeasonService.ts": {"path":"/workspaces/FLI-Fantasy/src/lib/services/fantasySeasonService.ts","statementMap":{"0":{"start":{"line":21,"column":42},"end":{"line":21,"column":null}},"1":{"start":{"line":23,"column":18},"end":{"line":29,"column":null}},"2":{"start":{"line":31,"column":18},"end":{"line":31,"column":null}},"3":{"start":{"line":32,"column":2},"end":{"line":32,"column":null}},"4":{"start":{"line":43,"column":23},"end":{"line":43,"column":null}},"5":{"start":{"line":45,"column":17},"end":{"line":45,"column":null}},"6":{"start":{"line":47,"column":2},"end":{"line":49,"column":null}},"7":{"start":{"line":48,"column":3},"end":{"line":48,"column":null}},"8":{"start":{"line":52,"column":19},"end":{"line":54,"column":null}},"9":{"start":{"line":56,"column":2},"end":{"line":61,"column":null}},"10":{"start":{"line":57,"column":3},"end":{"line":60,"column":null}},"11":{"start":{"line":63,"column":28},"end":{"line":68,"column":null}},"12":{"start":{"line":70,"column":22},"end":{"line":70,"column":null}},"13":{"start":{"line":73,"column":26},"end":{"line":75,"column":null}},"14":{"start":{"line":77,"column":30},"end":{"line":81,"column":null}},"15":{"start":{"line":83,"column":24},"end":{"line":83,"column":null}},"16":{"start":{"line":85,"column":2},"end":{"line":85,"column":null}},"17":{"start":{"line":92,"column":15},"end":{"line":95,"column":null}},"18":{"start":{"line":97,"column":2},"end":{"line":97,"column":null}},"19":{"start":{"line":97,"column":30},"end":{"line":97,"column":69}},"20":{"start":{"line":101,"column":36},"end":{"line":101,"column":null}}},"fnMap":{"0":{"name":"(anonymous_0)","decl":{"start":{"line":16,"column":7},"end":{"line":16,"column":null}},"loc":{"start":{"line":19,"column":27},"end":{"line":33,"column":null}},"line":19},"1":{"name":"(anonymous_1)","decl":{"start":{"line":39,"column":7},"end":{"line":39,"column":null}},"loc":{"start":{"line":42,"column":78},"end":{"line":86,"column":null}},"line":42},"2":{"name":"(anonymous_2)","decl":{"start":{"line":91,"column":7},"end":{"line":91,"column":26}},"loc":{"start":{"line":91,"column":73},"end":{"line":98,"column":null}},"line":91},"3":{"name":"(anonymous_3)","decl":{"start":{"line":97,"column":18},"end":{"line":97,"column":19}},"loc":{"start":{"line":97,"column":30},"end":{"line":97,"column":69}},"line":97}},"branchMap":{"0":{"loc":{"start":{"line":47,"column":2},"end":{"line":49,"column":null}},"type":"if","locations":[{"start":{"line":47,"column":2},"end":{"line":49,"column":null}},{"start":{},"end":{}}],"line":47},"1":{"loc":{"start":{"line":56,"column":2},"end":{"line":61,"column":null}},"type":"if","locations":[{"start":{"line":56,"column":2},"end":{"line":61,"column":null}},{"start":{},"end":{}}],"line":56}},"s":{"0":3,"1":3,"2":3,"3":2,"4":3,"5":3,"6":3,"7":1,"8":2,"9":2,"10":1,"11":1,"12":1,"13":1,"14":1,"15":1,"16":1,"17":2,"18":2,"19":3,"20":1},"f":{"0":3,"1":3,"2":2,"3":3},"b":{"0":[1,2],"1":[1,1]},"meta":{"lastBranch":2,"lastFunction":4,"lastStatement":21,"seen":{"f:16:7:16:Infinity":0,"s:21:42:21:Infinity":0,"s:23:18:29:Infinity":1,"s:31:18:31:Infinity":2,"s:32:2:32:Infinity":3,"f:39:7:39:Infinity":1,"s:43:23:43:Infinity":4,"s:45:17:45:Infinity":5,"b:47:2:49:Infinity:undefined:undefined:undefined:undefined":0,"s:47:2:49:Infinity":6,"s:48:3:48:Infinity":7,"s:52:19:54:Infinity":8,"b:56:2:61:Infinity:undefined:undefined:undefined:undefined":1,"s:56:2:61:Infinity":9,"s:57:3:60:Infinity":10,"s:63:28:68:Infinity":11,"s:70:22:70:Infinity":12,"s:73:26:75:Infinity":13,"s:77:30:81:Infinity":14,"s:83:24:83:Infinity":15,"s:85:2:85:Infinity":16,"f:91:7:91:26":2,"s:92:15:95:Infinity":17,"s:97:2:97:Infinity":18,"f:97:18:97:19":3,"s:97:30:97:69":19,"s:101:36:101:Infinity":20}}}
}
